<?xml version="1.0" encoding="UTF-8"?>
<!-- Generated by org.testng.reporters.JUnitXMLReporter -->
<testsuite ignored="0" hostname="DESKTOP-UC5TO5S" failures="0" tests="4" name="Search_add_remove_checkout" time="64.623" errors="0" timestamp="2020-11-23T20:28:16 IST">
  <testcase classname="assessmentpackage.TC_01Test" name="validate_search_button" time="21.19"/>
  <testcase classname="assessmentpackage.TC_01Test" name="validate_cart" time="34.38"/>
  <testcase classname="assessmentpackage.TC_01Test" name="validate_removeitems" time="3.351"/>
  <testcase classname="assessmentpackage.TC_01Test" name="validate_chkout" time="5.421"/>
</testsuite> <!-- Search_add_remove_checkout -->
