<?xml version="1.0" encoding="UTF-8"?>
<!-- Generated by org.testng.reporters.JUnitXMLReporter -->
<testsuite ignored="0" hostname="DESKTOP-UC5TO5S" failures="0" tests="4" name="Search_add_remvoe_checkout" time="65.6" errors="0" timestamp="2020-11-23T14:55:29 IST">
  <testcase classname="assessmentpackage.TC_01Test" name="validate_search_button" time="20.777"/>
  <testcase classname="assessmentpackage.TC_01Test" name="validate_cart" time="36.05"/>
  <testcase classname="assessmentpackage.TC_01Test" name="validate_removeitems" time="3.532"/>
  <testcase classname="assessmentpackage.TC_01Test" name="validate_chkout" time="5.141"/>
</testsuite> <!-- Search_add_remvoe_checkout -->
