<?xml version="1.0" encoding="UTF-8"?>
<testng-results ignored="0" total="4" passed="4" failed="0" skipped="0">
  <reporter-output>
  </reporter-output>
  <suite started-at="2020-11-23T14:54:23 IST" name="Assessment" finished-at="2020-11-23T14:55:29 IST" duration-ms="65600">
    <groups>
    </groups>
    <test started-at="2020-11-23T14:54:23 IST" name="Search_add_remvoe_checkout" finished-at="2020-11-23T14:55:29 IST" duration-ms="65600">
      <class name="assessmentpackage.TC_01Test">
        <test-method is-config="true" signature="setUp()[pri:0, instance:assessmentpackage.TC_01Test@50ad3bc1]" started-at="2020-11-23T14:54:09 IST" name="setUp" finished-at="2020-11-23T14:54:23 IST" duration-ms="14777" status="PASS">
          <reporter-output>
          </reporter-output>
        </test-method> <!-- setUp -->
        <test-method signature="validate_search_button()[pri:1, instance:assessmentpackage.TC_01Test@50ad3bc1]" started-at="2020-11-23T14:54:23 IST" name="validate_search_button" finished-at="2020-11-23T14:54:44 IST" duration-ms="20777" status="PASS">
          <reporter-output>
          </reporter-output>
        </test-method> <!-- validate_search_button -->
        <test-method signature="validate_cart()[pri:2, instance:assessmentpackage.TC_01Test@50ad3bc1]" started-at="2020-11-23T14:54:44 IST" name="validate_cart" finished-at="2020-11-23T14:55:20 IST" duration-ms="36050" status="PASS">
          <reporter-output>
          </reporter-output>
        </test-method> <!-- validate_cart -->
        <test-method signature="validate_removeitems()[pri:3, instance:assessmentpackage.TC_01Test@50ad3bc1]" started-at="2020-11-23T14:55:20 IST" name="validate_removeitems" finished-at="2020-11-23T14:55:24 IST" duration-ms="3532" status="PASS">
          <reporter-output>
          </reporter-output>
        </test-method> <!-- validate_removeitems -->
        <test-method signature="validate_chkout()[pri:4, instance:assessmentpackage.TC_01Test@50ad3bc1]" started-at="2020-11-23T14:55:24 IST" name="validate_chkout" finished-at="2020-11-23T14:55:29 IST" duration-ms="5141" status="PASS">
          <reporter-output>
          </reporter-output>
        </test-method> <!-- validate_chkout -->
        <test-method is-config="true" signature="driverquit()[pri:0, instance:assessmentpackage.TC_01Test@50ad3bc1]" started-at="2020-11-23T14:55:29 IST" name="driverquit" finished-at="2020-11-23T14:55:30 IST" duration-ms="839" status="PASS">
          <reporter-output>
          </reporter-output>
        </test-method> <!-- driverquit -->
      </class> <!-- assessmentpackage.TC_01Test -->
    </test> <!-- Search_add_remvoe_checkout -->
  </suite> <!-- Assessment -->
</testng-results>
